<?xml version="1.0" encoding="UTF-8"?>
<testsuite name="powerpackage.PowerTest" tests="1" skipped="0" failures="0" errors="0" timestamp="2022-02-27T10:17:13" hostname="antariksh" time="0.001">
  <properties/>
  <testcase name="one_raised_to_one_is_onew" classname="powerpackage.PowerTest" time="0.001"/>
  <system-out><![CDATA[]]></system-out>
  <system-err><![CDATA[]]></system-err>
</testsuite>
